<?xml version="1.0" encoding="UTF-8" ?>
<testsuites>
  <testsuite errors="0" failures="0" hostname="ISTL56021" id="0" name="TesthelloService" package="com.ailhanli.service" skipped="0" tests="1" time="0.753" timestamp="2018-11-07T10:21:17">
      <properties>
[...]
</properties>

      <testcase classname="com.ailhanli.service.TesthelloService" name="test_getCorrectMessage" time="0.181" />

      <system-out><![CDATA[]]></system-out>

      <system-err><![CDATA[Kas 07, 2018 1:21:17 PM org.springframework.test.context.support.DefaultTestContextBootstrapper getDefaultTestExecutionListenerClassNames
INFO: Loaded default TestExecutionListener class names from location [META-INF/spring.factories]: [org.springframework.test.context.web.ServletTestExecutionListener, org.springframework.test.context.support.DirtiesContextBeforeModesTestExecutionListener, org.springframework.test.context.support.DependencyInjectionTestExecutionListener, org.springframework.test.context.support.DirtiesContextTestExecutionListener, org.springframework.test.context.transaction.TransactionalTestExecutionListener, org.springframework.test.context.jdbc.SqlScriptsTestExecutionListener]
Kas 07, 2018 1:21:17 PM org.springframework.test.context.support.DefaultTestContextBootstrapper getTestExecutionListeners
INFO: Using TestExecutionListeners: [org.springframework.test.context.support.DirtiesContextBeforeModesTestExecutionListener@7098b907, org.springframework.test.context.support.DependencyInjectionTestExecutionListener@503f91c3, org.springframework.test.context.support.DirtiesContextTestExecutionListener@13526e59]
]]></system-err>

  </testsuite>
</testsuites>
